2020-03-09 17:10:04,151 INFO (StartupInfoLogger.java:50)- Starting DubboProviderApplication on marcopan-MacBook-Pro-1156.local with PID 43957 (/Users/marcopan/mysourcecode/dubbo-springboot/dubbo-provider/target/classes started by marcopan in /Users/marcopan/mysourcecode/dubbo-springboot)
2020-03-09 17:10:04,152 DEBUG (StartupInfoLogger.java:53)- Running with Spring Boot v2.0.4.RELEASE, Spring v5.0.8.RELEASE
2020-03-09 17:10:04,153 INFO (SpringApplication.java:662)- No active profile set, falling back to default profiles: default
2020-03-09 17:10:07,707 INFO (StartupInfoLogger.java:59)- Started DubboProviderApplication in 4.022 seconds (JVM running for 5.057)
2020-03-09 17:10:52,095 INFO (StartupInfoLogger.java:50)- Starting DubboConsumerApplication on marcopan-MacBook-Pro-1156.local with PID 43961 (/Users/marcopan/mysourcecode/dubbo-springboot/dubbo-consumer/target/classes started by marcopan in /Users/marcopan/mysourcecode/dubbo-springboot)
2020-03-09 17:10:52,097 DEBUG (StartupInfoLogger.java:53)- Running with Spring Boot v2.0.4.RELEASE, Spring v5.0.8.RELEASE
2020-03-09 17:10:52,107 INFO (SpringApplication.java:662)- No active profile set, falling back to default profiles: default
2020-03-09 17:10:55,471 INFO (StartupInfoLogger.java:59)- Started DubboConsumerApplication in 3.923 seconds (JVM running for 5.128)
2020-03-09 17:12:43,504 INFO (StartupInfoLogger.java:50)- Starting DubboProviderApplication on marcopan-MacBook-Pro-1156.local with PID 43976 (/Users/marcopan/mysourcecode/dubbo-springboot/dubbo-provider/target/classes started by marcopan in /Users/marcopan/mysourcecode/dubbo-springboot)
2020-03-09 17:12:43,505 DEBUG (StartupInfoLogger.java:53)- Running with Spring Boot v2.0.4.RELEASE, Spring v5.0.8.RELEASE
2020-03-09 17:12:43,506 INFO (SpringApplication.java:662)- No active profile set, falling back to default profiles: default
2020-03-09 17:12:46,375 INFO (StartupInfoLogger.java:59)- Started DubboProviderApplication in 3.223 seconds (JVM running for 4.247)
2020-03-09 17:13:01,903 INFO (StartupInfoLogger.java:50)- Starting DubboConsumerApplication on marcopan-MacBook-Pro-1156.local with PID 43978 (/Users/marcopan/mysourcecode/dubbo-springboot/dubbo-consumer/target/classes started by marcopan in /Users/marcopan/mysourcecode/dubbo-springboot)
2020-03-09 17:13:01,904 DEBUG (StartupInfoLogger.java:53)- Running with Spring Boot v2.0.4.RELEASE, Spring v5.0.8.RELEASE
2020-03-09 17:13:01,905 INFO (SpringApplication.java:662)- No active profile set, falling back to default profiles: default
2020-03-09 17:13:05,353 INFO (StartupInfoLogger.java:59)- Started DubboConsumerApplication in 3.849 seconds (JVM running for 4.925)
2020-03-09 17:21:02,191 INFO (StartupInfoLogger.java:50)- Starting DubboProviderApplication on marcopan-MacBook-Pro-1156.local with PID 44071 (/Users/marcopan/mysourcecode/dubbo-springboot/dubbo-provider/target/classes started by marcopan in /Users/marcopan/mysourcecode/dubbo-springboot)
2020-03-09 17:21:02,192 DEBUG (StartupInfoLogger.java:53)- Running with Spring Boot v2.0.4.RELEASE, Spring v5.0.8.RELEASE
2020-03-09 17:21:02,196 INFO (SpringApplication.java:662)- No active profile set, falling back to default profiles: default
2020-03-09 17:21:05,847 INFO (StartupInfoLogger.java:59)- Started DubboProviderApplication in 4.671 seconds (JVM running for 6.026)
2020-03-09 17:21:12,006 INFO (StartupInfoLogger.java:50)- Starting DubboConsumerApplication on marcopan-MacBook-Pro-1156.local with PID 44074 (/Users/marcopan/mysourcecode/dubbo-springboot/dubbo-consumer/target/classes started by marcopan in /Users/marcopan/mysourcecode/dubbo-springboot)
2020-03-09 17:21:12,008 DEBUG (StartupInfoLogger.java:53)- Running with Spring Boot v2.0.4.RELEASE, Spring v5.0.8.RELEASE
2020-03-09 17:21:12,009 INFO (SpringApplication.java:662)- No active profile set, falling back to default profiles: default
2020-03-09 17:21:15,517 INFO (StartupInfoLogger.java:59)- Started DubboConsumerApplication in 3.946 seconds (JVM running for 4.899)
2020-03-09 17:29:51,080 INFO (StartupInfoLogger.java:50)- Starting DubboProviderApplication on marcopan-MacBook-Pro-1156.local with PID 44147 (/Users/marcopan/mysourcecode/dubbo-springboot/dubbo-provider/target/classes started by marcopan in /Users/marcopan/mysourcecode/dubbo-springboot)
2020-03-09 17:29:51,081 DEBUG (StartupInfoLogger.java:53)- Running with Spring Boot v2.0.4.RELEASE, Spring v5.0.8.RELEASE
2020-03-09 17:29:51,082 INFO (SpringApplication.java:662)- No active profile set, falling back to default profiles: default
2020-03-09 17:29:54,337 INFO (StartupInfoLogger.java:59)- Started DubboProviderApplication in 3.842 seconds (JVM running for 4.848)
2020-03-09 17:30:05,972 INFO (StartupInfoLogger.java:50)- Starting DubboConsumerApplication on marcopan-MacBook-Pro-1156.local with PID 44150 (/Users/marcopan/mysourcecode/dubbo-springboot/dubbo-consumer/target/classes started by marcopan in /Users/marcopan/mysourcecode/dubbo-springboot)
2020-03-09 17:30:05,974 DEBUG (StartupInfoLogger.java:53)- Running with Spring Boot v2.0.4.RELEASE, Spring v5.0.8.RELEASE
2020-03-09 17:30:05,975 INFO (SpringApplication.java:662)- No active profile set, falling back to default profiles: default
2020-03-09 17:30:09,523 INFO (StartupInfoLogger.java:59)- Started DubboConsumerApplication in 3.929 seconds (JVM running for 4.882)
2020-03-09 19:51:44,223 INFO (StartupInfoLogger.java:50)- Starting DubboProviderApplication on marcopan-MacBook-Pro-1156.local with PID 44649 (/Users/marcopan/mysourcecode/dubbo-springboot/dubbo-provider/target/classes started by marcopan in /Users/marcopan/mysourcecode/dubbo-springboot)
2020-03-09 19:51:44,225 DEBUG (StartupInfoLogger.java:53)- Running with Spring Boot v2.0.4.RELEASE, Spring v5.0.8.RELEASE
2020-03-09 19:51:44,227 INFO (SpringApplication.java:662)- No active profile set, falling back to default profiles: default
2020-03-09 19:52:08,593 INFO (StartupInfoLogger.java:50)- Starting DubboProviderApplication on marcopan-MacBook-Pro-1156.local with PID 44654 (/Users/marcopan/mysourcecode/dubbo-springboot/dubbo-provider/target/classes started by marcopan in /Users/marcopan/mysourcecode/dubbo-springboot)
2020-03-09 19:52:08,594 DEBUG (StartupInfoLogger.java:53)- Running with Spring Boot v2.0.4.RELEASE, Spring v5.0.8.RELEASE
2020-03-09 19:52:08,597 INFO (SpringApplication.java:662)- No active profile set, falling back to default profiles: default
2020-03-09 19:52:11,804 INFO (StartupInfoLogger.java:59)- Started DubboProviderApplication in 4.007 seconds (JVM running for 5.132)
2020-03-09 22:54:01,499 INFO (StartupInfoLogger.java:50)- Starting DubboProviderApplication on marcopan-MacBook-Pro-1156.local with PID 45311 (/Users/marcopan/mysourcecode/dubbo-springboot/dubbo-provider/target/classes started by marcopan in /Users/marcopan/mysourcecode/dubbo-springboot)
2020-03-09 22:54:01,500 DEBUG (StartupInfoLogger.java:53)- Running with Spring Boot v2.0.4.RELEASE, Spring v5.0.8.RELEASE
2020-03-09 22:54:01,501 INFO (SpringApplication.java:662)- No active profile set, falling back to default profiles: default
2020-03-09 22:54:05,689 INFO (StartupInfoLogger.java:59)- Started DubboProviderApplication in 4.646 seconds (JVM running for 5.828)
2020-03-09 22:54:25,363 INFO (StartupInfoLogger.java:50)- Starting DubboConsumerApplication on marcopan-MacBook-Pro-1156.local with PID 45315 (/Users/marcopan/mysourcecode/dubbo-springboot/dubbo-consumer/target/classes started by marcopan in /Users/marcopan/mysourcecode/dubbo-springboot)
2020-03-09 22:54:25,364 DEBUG (StartupInfoLogger.java:53)- Running with Spring Boot v2.0.4.RELEASE, Spring v5.0.8.RELEASE
2020-03-09 22:54:25,365 INFO (SpringApplication.java:662)- No active profile set, falling back to default profiles: default
2020-03-09 22:54:28,675 INFO (StartupInfoLogger.java:59)- Started DubboConsumerApplication in 3.683 seconds (JVM running for 4.646)
2020-03-09 22:59:41,654 INFO (StartupInfoLogger.java:50)- Starting DubboProviderApplication on marcopan-MacBook-Pro-1156.local with PID 45329 (/Users/marcopan/mysourcecode/dubbo-springboot/dubbo-provider/target/classes started by marcopan in /Users/marcopan/mysourcecode/dubbo-springboot)
2020-03-09 22:59:41,655 DEBUG (StartupInfoLogger.java:53)- Running with Spring Boot v2.0.4.RELEASE, Spring v5.0.8.RELEASE
2020-03-09 22:59:41,656 INFO (SpringApplication.java:662)- No active profile set, falling back to default profiles: default
2020-03-09 22:59:45,365 INFO (StartupInfoLogger.java:59)- Started DubboProviderApplication in 4.083 seconds (JVM running for 5.087)
2020-03-09 22:59:52,974 INFO (StartupInfoLogger.java:50)- Starting DubboConsumerApplication on marcopan-MacBook-Pro-1156.local with PID 45332 (/Users/marcopan/mysourcecode/dubbo-springboot/dubbo-consumer/target/classes started by marcopan in /Users/marcopan/mysourcecode/dubbo-springboot)
2020-03-09 22:59:52,975 DEBUG (StartupInfoLogger.java:53)- Running with Spring Boot v2.0.4.RELEASE, Spring v5.0.8.RELEASE
2020-03-09 22:59:52,976 INFO (SpringApplication.java:662)- No active profile set, falling back to default profiles: default
2020-03-09 22:59:56,662 INFO (StartupInfoLogger.java:59)- Started DubboConsumerApplication in 4.05 seconds (JVM running for 5.006)
2020-03-09 23:13:21,222 INFO (StartupInfoLogger.java:50)- Starting DubboProviderApplication on marcopan-MacBook-Pro-1156.local with PID 45355 (/Users/marcopan/mysourcecode/dubbo-springboot/dubbo-provider/target/classes started by marcopan in /Users/marcopan/mysourcecode/dubbo-springboot)
2020-03-09 23:13:21,223 DEBUG (StartupInfoLogger.java:53)- Running with Spring Boot v2.0.4.RELEASE, Spring v5.0.8.RELEASE
2020-03-09 23:13:21,224 INFO (SpringApplication.java:662)- No active profile set, falling back to default profiles: default
2020-03-09 23:13:24,154 INFO (StartupInfoLogger.java:59)- Started DubboProviderApplication in 3.272 seconds (JVM running for 4.37)
2020-03-09 23:13:30,273 INFO (StartupInfoLogger.java:50)- Starting DubboConsumerApplication on marcopan-MacBook-Pro-1156.local with PID 45357 (/Users/marcopan/mysourcecode/dubbo-springboot/dubbo-consumer/target/classes started by marcopan in /Users/marcopan/mysourcecode/dubbo-springboot)
2020-03-09 23:13:30,274 DEBUG (StartupInfoLogger.java:53)- Running with Spring Boot v2.0.4.RELEASE, Spring v5.0.8.RELEASE
2020-03-09 23:13:30,275 INFO (SpringApplication.java:662)- No active profile set, falling back to default profiles: default
2020-03-09 23:13:33,545 INFO (StartupInfoLogger.java:59)- Started DubboConsumerApplication in 3.666 seconds (JVM running for 4.572)
